[INFO][server.go:36] 2022/08/04 09:14:18 start listen
[INFO][server.go:46] 2022/08/04 09:14:28 shutting down
[INFO][echo.go:64] 2022/08/04 09:14:28 handler shutting down
[INFO][server.go:36] 2022/08/04 09:15:03 start listen
[INFO][server.go:46] 2022/08/04 09:56:42 shutting down
[INFO][echo.go:64] 2022/08/04 09:56:42 handler shutting down
[INFO][server.go:36] 2022/08/04 09:56:42 start listen
[INFO][server.go:63] 2022/08/04 09:57:13 accepted link
[INFO][echo.go:47] 2022/08/04 09:57:13 connection close
[INFO][server.go:46] 2022/08/04 10:09:06 shutting down
[INFO][echo.go:64] 2022/08/04 10:09:06 handler shutting down
[INFO][echo.go:64] 2022/08/04 10:09:06 handler shutting down
[INFO][server.go:36] 2022/08/04 10:09:07 start listen
[INFO][server.go:63] 2022/08/04 10:10:04 accepted link
[INFO][server.go:46] 2022/08/04 10:11:18 shutting down
[INFO][echo.go:64] 2022/08/04 10:11:18 handler shutting down
[WARN][echo.go:50] 2022/08/04 10:11:18 read tcp 127.0.0.1:6379->127.0.0.1:61040: use of closed network connection
[INFO][echo.go:64] 2022/08/04 10:11:18 handler shutting down
[INFO][server.go:36] 2022/08/04 10:11:19 start listen
[INFO][server.go:63] 2022/08/04 10:11:23 accepted link
[INFO][echo.go:56] 2022/08/04 10:11:25 replay client:{} fd

[INFO][echo.go:56] 2022/08/04 10:11:28 replay client:{} fssf

[INFO][echo.go:56] 2022/08/04 10:11:30 replay client:{} dfd

[INFO][echo.go:56] 2022/08/04 10:11:32 replay client:{} fsds

[INFO][echo.go:56] 2022/08/04 10:11:34 replay client:{} fdsfds

[INFO][server.go:46] 2022/08/04 10:11:54 shutting down
[INFO][echo.go:65] 2022/08/04 10:11:54 handler shutting down
[WARN][echo.go:50] 2022/08/04 10:11:54 read tcp 127.0.0.1:6379->127.0.0.1:61064: use of closed network connection
[INFO][echo.go:65] 2022/08/04 10:11:54 handler shutting down
[INFO][server.go:36] 2022/08/04 10:11:55 start listen
[INFO][server.go:63] 2022/08/04 10:11:59 accepted link
[INFO][echo.go:56] 2022/08/04 10:12:04 replay client:  fds

[INFO][echo.go:56] 2022/08/04 10:12:07 replay client:  fddddddddd

[INFO][echo.go:56] 2022/08/04 10:12:10 replay client:  ddddddddddds

[INFO][echo.go:56] 2022/08/04 10:12:11 replay client:  

[INFO][echo.go:56] 2022/08/04 10:12:12 replay client:  

[INFO][echo.go:56] 2022/08/04 10:12:13 replay client:  fsfs

[INFO][echo.go:56] 2022/08/04 10:12:14 replay client:  fsfdsfds

[INFO][echo.go:56] 2022/08/04 10:12:17 replay client:  ffsfsniam w 

[INFO][echo.go:56] 2022/08/04 10:12:20 replay client:  dsfwina

[INFO][echo.go:56] 2022/08/04 10:12:21 replay client:  sssssss

[INFO][echo.go:56] 2022/08/04 10:12:22 replay client:  fddfs

[INFO][echo.go:56] 2022/08/04 10:12:24 replay client:  afdsaf

[INFO][echo.go:56] 2022/08/04 10:12:26 replay client:  fsaaaaaaa

[INFO][echo.go:56] 2022/08/04 10:12:27 replay client:  sdfsdfsd

[INFO][echo.go:56] 2022/08/04 10:12:28 replay client:  sfsd

[INFO][echo.go:56] 2022/08/04 10:12:28 replay client:  s

[INFO][echo.go:56] 2022/08/04 10:12:28 replay client:  s

[INFO][echo.go:56] 2022/08/04 10:12:29 replay client:  s

[INFO][echo.go:56] 2022/08/04 10:12:29 replay client:  s

[INFO][echo.go:56] 2022/08/04 10:12:29 replay client:  s

[INFO][echo.go:56] 2022/08/04 10:12:29 replay client:  s

[INFO][echo.go:56] 2022/08/04 10:12:29 replay client:  

[INFO][echo.go:56] 2022/08/04 10:12:29 replay client:  s

[INFO][echo.go:56] 2022/08/04 10:12:30 replay client:  s

[INFO][echo.go:56] 2022/08/04 10:12:30 replay client:  s

[INFO][echo.go:56] 2022/08/04 10:12:30 replay client:  s

[INFO][echo.go:56] 2022/08/04 10:12:30 replay client:  s

[INFO][echo.go:56] 2022/08/04 10:12:30 replay client:  s

[INFO][echo.go:56] 2022/08/04 10:12:31 replay client:  s

[INFO][echo.go:56] 2022/08/04 10:12:31 replay client:  s

[INFO][echo.go:56] 2022/08/04 10:12:31 replay client:  

[INFO][echo.go:56] 2022/08/04 10:12:31 replay client:  s

[INFO][echo.go:56] 2022/08/04 10:12:31 replay client:  

[INFO][echo.go:56] 2022/08/04 10:12:31 replay client:  s

[INFO][echo.go:56] 2022/08/04 10:12:32 replay client:  s

[INFO][echo.go:56] 2022/08/04 10:12:32 replay client:  s

[INFO][echo.go:56] 2022/08/04 10:12:33 replay client:  ss

[INFO][echo.go:56] 2022/08/04 10:12:33 replay client:  s

[INFO][echo.go:56] 2022/08/04 10:12:33 replay client:  s

[INFO][echo.go:56] 2022/08/04 10:12:33 replay client:  s

[INFO][echo.go:56] 2022/08/04 10:12:34 replay client:  s

[INFO][echo.go:56] 2022/08/04 10:12:34 replay client:  s

[INFO][echo.go:56] 2022/08/04 10:12:34 replay client:  s

[INFO][echo.go:56] 2022/08/04 10:12:34 replay client:  s

[INFO][echo.go:56] 2022/08/04 10:12:35 replay client:  s

[INFO][echo.go:56] 2022/08/04 10:12:35 replay client:  s

[INFO][echo.go:56] 2022/08/04 10:12:43 replay client:  nima 

[INFO][echo.go:56] 2022/08/04 10:12:45 replay client:  ni

[INFO][echo.go:56] 2022/08/04 10:12:47 replay client:  dsf

[INFO][server.go:46] 2022/08/04 10:13:32 shutting down
[INFO][echo.go:65] 2022/08/04 10:13:32 handler shutting down
[WARN][echo.go:50] 2022/08/04 10:13:32 read tcp 127.0.0.1:6379->127.0.0.1:61072: use of closed network connection
[INFO][echo.go:65] 2022/08/04 10:13:32 handler shutting down
[INFO][server.go:36] 2022/08/04 10:13:33 start listen
